c:\users\ryan\desktop\dma-templates\compiled\intermediate\vc143.pdb
c:\users\ryan\desktop\dma-templates\compiled\intermediate\main.obj
c:\users\ryan\desktop\dma-templates\compiled\intermediate\my_enc.obj
c:\users\ryan\desktop\dma-templates\compiled\intermediate\kmboxnet.obj
c:\users\ryan\desktop\dma-templates\compiled\intermediate\imgui_widgets.obj
c:\users\ryan\desktop\dma-templates\compiled\intermediate\imgui_tables.obj
c:\users\ryan\desktop\dma-templates\compiled\intermediate\imgui_impl_win32.obj
c:\users\ryan\desktop\dma-templates\compiled\intermediate\imgui_impl_dx9.obj
c:\users\ryan\desktop\dma-templates\compiled\intermediate\imgui_impl_dx12.obj
c:\users\ryan\desktop\dma-templates\compiled\intermediate\imgui_impl_dx11.obj
c:\users\ryan\desktop\dma-templates\compiled\intermediate\imgui_impl_dx10.obj
c:\users\ryan\desktop\dma-templates\compiled\intermediate\imgui_draw.obj
c:\users\ryan\desktop\dma-templates\compiled\intermediate\imgui_demo.obj
c:\users\ryan\desktop\dma-templates\compiled\intermediate\imgui.obj
c:\users\ryan\desktop\dma-templates\compiled\intermediate\pch.obj
c:\users\ryan\desktop\dma-templates\compiled\intermediate\shellcode.obj
c:\users\ryan\desktop\dma-templates\compiled\intermediate\registry.obj
c:\users\ryan\desktop\dma-templates\compiled\intermediate\memory.obj
c:\users\ryan\desktop\dma-templates\compiled\intermediate\inputmanager.obj
c:\users\ryan\desktop\dma-templates\compiled\intermediate\dmalibrary.obj
c:\users\ryan\desktop\dma-templates\compiled\dma-template.exe
c:\users\ryan\desktop\dma-templates\compiled\dma-template.pdb
c:\users\ryan\desktop\dma-templates\compiled\intermediate\dma-template.ipdb
c:\users\ryan\desktop\dma-templates\compiled\intermediate\dma-template.iobj
c:\users\ryan\desktop\dma-templates\compiled\intermediate\dma-template.tlog\cl.command.1.tlog
c:\users\ryan\desktop\dma-templates\compiled\intermediate\dma-template.tlog\cl.items.tlog
c:\users\ryan\desktop\dma-templates\compiled\intermediate\dma-template.tlog\cl.read.1.tlog
c:\users\ryan\desktop\dma-templates\compiled\intermediate\dma-template.tlog\cl.write.1.tlog
c:\users\ryan\desktop\dma-templates\compiled\intermediate\dma-template.tlog\link.command.1.tlog
c:\users\ryan\desktop\dma-templates\compiled\intermediate\dma-template.tlog\link.read.1.tlog
c:\users\ryan\desktop\dma-templates\compiled\intermediate\dma-template.tlog\link.secondary.1.tlog
c:\users\ryan\desktop\dma-templates\compiled\intermediate\dma-template.tlog\link.write.1.tlog
